2023-05-20 10:37 ERROR Traceback (most recent call last):
  File "C:\Users\user\Desktop\ç¨‹å¼å°ˆå€\TradingSysteam\Crypto_trading\Trading_Systeam.py", line 334, in main
    pf = self.engine.Portfolio_online_start()
  File "C:\Users\user\Desktop\ç¨‹å¼å°ˆå€\TradingSysteam\Crypto_trading\utils\TimeCountMsg.py", line 10, in wrapper
    result = func(*args, **kwargs)
  File "C:\Users\user\Desktop\ç¨‹å¼å°ˆå€\TradingSysteam\Crypto_trading\Vecbot_backtest.py", line 238, in Portfolio_online_start
    pf = self.Trader.logic_order()
  File "C:\Users\user\Desktop\ç¨‹å¼å°ˆå€\TradingSysteam\Crypto_trading\Base\Strategy_base.py", line 593, in logic_order
    self.add_data()
  File "C:\Users\user\Desktop\ç¨‹å¼å°ˆå€\TradingSysteam\Crypto_trading\Base\Strategy_base.py", line 527, in add_data
    pf = ordermap.logic_order()
  File "C:\Users\user\Desktop\ç¨‹å¼å°ˆå€\TradingSysteam\Crypto_trading\Base\Strategy_base.py", line 425, in logic_order
    params = self.change_params()
  File "C:\Users\user\Desktop\ç¨‹å¼å°ˆå€\TradingSysteam\Crypto_trading\Base\Strategy_base.py", line 462, in change_params
    'std_arr': self.std_arr,
AttributeError: 'Np_Order_Strategy' object has no attribute 'std_arr'

2023-05-20 10:40 ERROR Traceback (most recent call last):
  File "C:\Users\user\Desktop\ç¨‹å¼å°ˆå€\TradingSysteam\Crypto_trading\Trading_Systeam.py", line 334, in main
    pf = self.engine.Portfolio_online_start()
  File "C:\Users\user\Desktop\ç¨‹å¼å°ˆå€\TradingSysteam\Crypto_trading\utils\TimeCountMsg.py", line 10, in wrapper
    result = func(*args, **kwargs)
  File "C:\Users\user\Desktop\ç¨‹å¼å°ˆå€\TradingSysteam\Crypto_trading\Vecbot_backtest.py", line 238, in Portfolio_online_start
    pf = self.Trader.logic_order()
  File "C:\Users\user\Desktop\ç¨‹å¼å°ˆå€\TradingSysteam\Crypto_trading\Base\Strategy_base.py", line 595, in logic_order
    self.add_data()
  File "C:\Users\user\Desktop\ç¨‹å¼å°ˆå€\TradingSysteam\Crypto_trading\Base\Strategy_base.py", line 529, in add_data
    pf = ordermap.logic_order()
  File "C:\Users\user\Desktop\ç¨‹å¼å°ˆå€\TradingSysteam\Crypto_trading\Base\Strategy_base.py", line 425, in logic_order
    params = self.change_params()
  File "C:\Users\user\Desktop\ç¨‹å¼å°ˆå€\TradingSysteam\Crypto_trading\Base\Strategy_base.py", line 457, in change_params
    common_params['std_arr'] = np.array([np.nan])
UnboundLocalError: local variable 'common_params' referenced before assignment

2023-05-20 10:42 ERROR Traceback (most recent call last):
  File "C:\Users\user\Desktop\ç¨‹å¼å°ˆå€\TradingSysteam\Crypto_trading\Trading_Systeam.py", line 334, in main
    pf = self.engine.Portfolio_online_start()
  File "C:\Users\user\Desktop\ç¨‹å¼å°ˆå€\TradingSysteam\Crypto_trading\utils\TimeCountMsg.py", line 10, in wrapper
    result = func(*args, **kwargs)
  File "C:\Users\user\Desktop\ç¨‹å¼å°ˆå€\TradingSysteam\Crypto_trading\Vecbot_backtest.py", line 238, in Portfolio_online_start
    pf = self.Trader.logic_order()
  File "C:\Users\user\Desktop\ç¨‹å¼å°ˆå€\TradingSysteam\Crypto_trading\Base\Strategy_base.py", line 593, in logic_order
    self.add_data()
  File "C:\Users\user\Desktop\ç¨‹å¼å°ˆå€\TradingSysteam\Crypto_trading\Base\Strategy_base.py", line 527, in add_data
    pf = ordermap.logic_order()
  File "C:\Users\user\Desktop\ç¨‹å¼å°ˆå€\TradingSysteam\Crypto_trading\Base\Strategy_base.py", line 427, in logic_order
    orders, marketpostion_array, entryprice_array, buy_Fees_array, sell_Fees_array, OpenPostionprofit_array, ClosedPostionprofit_array, profit_array, Gross_profit_array, Gross_loss_array, all_Fees_array, netprofit_array = nb.logic_order(
  File "C:\Users\user\Desktop\ç¨‹å¼å°ˆå€\TradingSysteam\lib\site-packages\numba\core\dispatcher.py", line 468, in _compile_for_args
    error_rewrite(e, 'typing')
  File "C:\Users\user\Desktop\ç¨‹å¼å°ˆå€\TradingSysteam\lib\site-packages\numba\core\dispatcher.py", line 409, in error_rewrite
    raise e.with_traceback(None)
numba.core.errors.TypingError: Failed in nopython mode pipeline (step: nopython frontend)
[1m[1m[1mNo implementation of function Function(<built-in function empty>) found for signature:
 
 >>> empty(shape=unicode_type)
 
There are 2 candidate implementations:
[1m      - Of which 2 did not match due to:
      Overload in function 'ol_np_empty': File: numba\np\arrayobj.py: Line 4086.
        With argument(s): '(shape=unicode_type)':[0m
[1m       Rejected as the implementation raised a specific error:
         TypingError: [1mCannot parse input types to function np.empty(unicode_type, <class 'float'>)[0m[0m
  raised from C:\Users\user\Desktop\ç¨‹å¼å°ˆå€\TradingSysteam\lib\site-packages\numba\np\arrayobj.py:4105
[0m
[0m[1mDuring: resolving callee type: Function(<built-in function empty>)[0m
[0m[1mDuring: typing of call at C:\Users\user\Desktop\ç¨‹å¼å°ˆå€\TradingSysteam\Crypto_trading\Count\nb.py (453)
[0m
[1m
File "Count\nb.py", line 453:[0m
[1mdef logic_order(
    <source elided>
    
[1m    marketpostion_array = np.empty(shape=Length)
[0m    [1m^[0m[0m


