2023-05-03 08:14 ERROR 資料讀取結束 
2023-05-03 08:14 ERROR 開始進入回測 
2023-05-03 08:14 ERROR 目前交易狀態,校正之後 {'COMPUSDT-15K-OB-VCP': [1.0, 93.28620010339357], 'SOLUSDT-15K-OB-VCP': [0.0, 0.0], 'MKRUSDT-15K-OB-VCP': [0.0, 0.0], 'BTCUSDT-15K-OB': [0.0, 0.0], 'ZECUSDT-15K-OB': [0.0, 0.0], 'MKRUSDT-15K-OB': [0.0, 0.0], 'BNBUSDT-15K-OB-VCP': [0.0, 0.0], 'SOLUSDT-15K-OB': [0.0, 0.0], 'BNBUSDT-15K-OB': [0.0, 0.0], 'ZECUSDT-15K-OB-VCP': [0.0, 0.0], 'ETHUSDT-15K-OB-VCP': [0.0, 0.0], 'ETHUSDT-15K-OB': [0.0, 0.0], 'BTCDOMUSDT-15K-OB': [1.0, 1.711641131753854], 'BTCDOMUSDT-15K-OB-VCP': [1.0, 3.263622613219322], 'BTCUSDT-15K-OB-VCP': [1.0, 1.8904819554051548], 'COMPUSDT-15K-OB': [0.0, 0.0]} 
2023-05-03 08:14 ERROR 目前binance交易所內的部位狀態: {'COMPUSDT': '97.220', 'BTCDOMUSDT': '5.110', 'BTCUSDT': '1.939'} 
2023-05-03 08:14 ERROR 差異單 {'COMPUSDT': -3.929, 'BTCUSDT': -0.049, 'BTCDOMUSDT': -0.129} 
2023-05-03 08:14 ERROR 時間差 40.72533345222473 
2023-05-03 08:20 ERROR 資料讀取結束 
2023-05-03 08:20 ERROR 開始進入回測 
2023-05-03 08:20 ERROR 目前交易狀態,校正之後 {'BNBUSDT-15K-OB': [0.0, 0.0], 'SOLUSDT-15K-OB': [0.0, 0.0], 'SOLUSDT-15K-OB-VCP': [0.0, 0.0], 'COMPUSDT-15K-OB-VCP': [1.0, 93.29861686136644], 'BTCDOMUSDT-15K-OB': [1.0, 1.7118689578808257], 'BTCUSDT-15K-OB-VCP': [1.0, 1.8907335859450032], 'COMPUSDT-15K-OB': [0.0, 0.0], 'ZECUSDT-15K-OB-VCP': [0.0, 0.0], 'MKRUSDT-15K-OB': [0.0, 0.0], 'BNBUSDT-15K-OB-VCP': [0.0, 0.0], 'MKRUSDT-15K-OB-VCP': [0.0, 0.0], 'BTCDOMUSDT-15K-OB-VCP': [1.0, 3.26405701414956], 'ZECUSDT-15K-OB': [0.0, 0.0], 'ETHUSDT-15K-OB': [0.0, 0.0], 'BTCUSDT-15K-OB': [0.0, 0.0], 'ETHUSDT-15K-OB-VCP': [0.0, 0.0]} 
2023-05-03 08:20 ERROR 目前binance交易所內的部位狀態: {'COMPUSDT': '97.220', 'BTCDOMUSDT': '5.110', 'BTCUSDT': '1.939'} 
2023-05-03 08:20 ERROR 差異單 {'COMPUSDT': -3.92, 'BTCDOMUSDT': -0.129, 'BTCUSDT': -0.049} 
2023-05-03 08:20 ERROR 時間差 38.74283313751221 
2023-05-03 08:21 ERROR 開始進入回測 
2023-05-03 08:21 ERROR 目前交易狀態,校正之後 {'BNBUSDT-15K-OB': [0.0, 0.0], 'SOLUSDT-15K-OB': [0.0, 0.0], 'SOLUSDT-15K-OB-VCP': [0.0, 0.0], 'COMPUSDT-15K-OB-VCP': [1.0, 93.29861686136644], 'BTCDOMUSDT-15K-OB': [1.0, 1.7118689578808257], 'BTCUSDT-15K-OB-VCP': [1.0, 1.8907335859450032], 'COMPUSDT-15K-OB': [0.0, 0.0], 'ZECUSDT-15K-OB-VCP': [0.0, 0.0], 'MKRUSDT-15K-OB': [0.0, 0.0], 'BNBUSDT-15K-OB-VCP': [0.0, 0.0], 'MKRUSDT-15K-OB-VCP': [0.0, 0.0], 'BTCDOMUSDT-15K-OB-VCP': [1.0, 3.26405701414956], 'ZECUSDT-15K-OB': [0.0, 0.0], 'ETHUSDT-15K-OB': [0.0, 0.0], 'BTCUSDT-15K-OB': [0.0, 0.0], 'ETHUSDT-15K-OB-VCP': [0.0, 0.0]} 
2023-05-03 08:21 ERROR 目前binance交易所內的部位狀態: {'COMPUSDT': '97.220', 'BTCDOMUSDT': '5.110', 'BTCUSDT': '1.939'} 
2023-05-03 08:21 ERROR 差異單 {'COMPUSDT': -3.92, 'BTCDOMUSDT': -0.129, 'BTCUSDT': -0.049} 
2023-05-03 08:21 ERROR 時間差 34.026520013809204 
2023-05-03 08:22 ERROR 開始進入回測 
2023-05-03 08:22 ERROR 目前交易狀態,校正之後 {'BNBUSDT-15K-OB': [0.0, 0.0], 'SOLUSDT-15K-OB': [0.0, 0.0], 'SOLUSDT-15K-OB-VCP': [0.0, 0.0], 'COMPUSDT-15K-OB-VCP': [1.0, 93.29861686136644], 'BTCDOMUSDT-15K-OB': [1.0, 1.7118689578808257], 'BTCUSDT-15K-OB-VCP': [1.0, 1.8907335859450032], 'COMPUSDT-15K-OB': [0.0, 0.0], 'ZECUSDT-15K-OB-VCP': [0.0, 0.0], 'MKRUSDT-15K-OB': [0.0, 0.0], 'BNBUSDT-15K-OB-VCP': [0.0, 0.0], 'MKRUSDT-15K-OB-VCP': [0.0, 0.0], 'BTCDOMUSDT-15K-OB-VCP': [1.0, 3.26405701414956], 'ZECUSDT-15K-OB': [0.0, 0.0], 'ETHUSDT-15K-OB': [0.0, 0.0], 'BTCUSDT-15K-OB': [0.0, 0.0], 'ETHUSDT-15K-OB-VCP': [0.0, 0.0]} 
2023-05-03 08:22 ERROR 目前binance交易所內的部位狀態: {'COMPUSDT': '97.220', 'BTCDOMUSDT': '5.110', 'BTCUSDT': '1.939'} 
2023-05-03 08:22 ERROR 差異單 {'COMPUSDT': -3.92, 'BTCDOMUSDT': -0.129, 'BTCUSDT': -0.049} 
2023-05-03 08:22 ERROR 時間差 33.856436252593994 
2023-05-03 08:23 ERROR 開始進入回測 
2023-05-03 08:25 ERROR 資料讀取結束 
2023-05-03 08:25 ERROR 開始進入回測 
2023-05-03 08:25 ERROR 目前交易狀態,校正之後 {'COMPUSDT-15K-OB': [0.0, 0.0], 'BTCDOMUSDT-15K-OB-VCP': [1.0, 3.2629466282238635], 'ZECUSDT-15K-OB-VCP': [0.0, 0.0], 'BTCUSDT-15K-OB-VCP': [1.0, 1.8900903851816668], 'BTCUSDT-15K-OB': [0.0, 0.0], 'BNBUSDT-15K-OB': [0.0, 0.0], 'SOLUSDT-15K-OB-VCP': [0.0, 0.0], 'BTCDOMUSDT-15K-OB': [1.0, 1.7112866043284132], 'ETHUSDT-15K-OB': [0.0, 0.0], 'MKRUSDT-15K-OB': [0.0, 0.0], 'MKRUSDT-15K-OB-VCP': [0.0, 0.0], 'ETHUSDT-15K-OB-VCP': [0.0, 0.0], 'COMPUSDT-15K-OB-VCP': [1.0, 93.26687799448983], 'ZECUSDT-15K-OB': [0.0, 0.0], 'BNBUSDT-15K-OB-VCP': [0.0, 0.0], 'SOLUSDT-15K-OB': [0.0, 0.0]} 
2023-05-03 08:26 ERROR 目前binance交易所內的部位狀態: {'COMPUSDT': '97.220', 'BTCDOMUSDT': '5.110', 'BTCUSDT': '1.939'} 
2023-05-03 08:26 ERROR 差異單 {'COMPUSDT': -3.95, 'BTCDOMUSDT': -0.14, 'BTCUSDT': -0.049} 
2023-05-03 08:26 ERROR 時間差 38.41715979576111 
2023-05-03 08:27 ERROR 開始進入回測 
