2023-05-02 08:45 ERROR 資料讀取結束 
2023-05-02 08:46 ERROR 開始進入回測 
2023-05-02 08:46 ERROR 目前交易狀態,校正之後 {'MKRUSDT-15K-OB': [0.0, 0.0], 'ZECUSDT-15K-OB-VCP': [0.0, 0.0], 'COMPUSDT-15K-OB': [0.0, 0.0], 'AAVEUSDT-15K-OB-VCP': [0.0, 0.0], 'BNBUSDT-15K-OB': [0.0, 0.0], 'ZECUSDT-15K-OB': [0.0, 0.0], 'BTCUSDT-15K-OB': [0.0, 0.0], 'COMPUSDT-15K-OB-VCP': [1.0, 93.27959200195527], 'BNBUSDT-15K-OB-VCP': [0.0, 0.0], 'BTCUSDT-15K-OB-VCP': [1.0, 1.8903480396007302], 'BTCDOMUSDT-15K-OB-VCP': [1.0, 3.2633914284432186], 'BTCDOMUSDT-15K-OB': [1.0, 1.7115198844717048], 'MKRUSDT-15K-OB-VCP': [0.0, 0.0], 'ETHUSDT-15K-OB': [0.0, 0.0], 'ETHUSDT-15K-OB-VCP': [0.0, 0.0], 'AAVEUSDT-15K-OB': [0.0, 0.0], 'SOLUSDT-15K-OB': [0.0, 0.0], 'SOLUSDT-15K-OB-VCP': [0.0, 0.0]} 
2023-05-02 08:46 ERROR 目前binance交易所內的部位狀態: {'COMPUSDT': '92.960', 'BTCDOMUSDT': '4.880', 'BTCUSDT': '1.861'} 
2023-05-02 08:46 ERROR 差異單 {'COMPUSDT': 0.32, 'BTCUSDT': 0.028, 'BTCDOMUSDT': 0.089} 
2023-05-02 08:46 ERROR 時間差 99.61642551422119 
2023-05-02 08:50 ERROR 資料讀取結束 
2023-05-02 08:51 ERROR 開始進入回測 
2023-05-02 08:52 ERROR 目前交易狀態,校正之後 {'SOLUSDT-15K-OB': [0.0, 0.0], 'ZECUSDT-15K-OB-VCP': [0.0, 0.0], 'ETHUSDT-15K-OB-VCP': [0.0, 0.0], 'MKRUSDT-15K-OB-VCP': [0.0, 0.0], 'BTCDOMUSDT-15K-OB': [1.0, 1.711613953169996], 'COMPUSDT-15K-OB': [0.0, 0.0], 'COMPUSDT-15K-OB-VCP': [1.0, 93.28471884265184], 'ZECUSDT-15K-OB': [0.0, 0.0], 'BTCUSDT-15K-OB-VCP': [1.0, 1.8904519370669626], 'ETHUSDT-15K-OB': [0.0, 0.0], 'BNBUSDT-15K-OB-VCP': [0.0, 0.0], 'SOLUSDT-15K-OB-VCP': [0.0, 0.0], 'MKRUSDT-15K-OB': [0.0, 0.0], 'BTCUSDT-15K-OB': [0.0, 0.0], 'AAVEUSDT-15K-OB': [0.0, 0.0], 'BNBUSDT-15K-OB': [0.0, 0.0], 'BTCDOMUSDT-15K-OB-VCP': [1.0, 3.2635707912344283], 'AAVEUSDT-15K-OB-VCP': [0.0, 0.0]} 
2023-05-02 08:52 ERROR 目前binance交易所內的部位狀態: {'COMPUSDT': '92.960', 'BTCDOMUSDT': '4.880', 'BTCUSDT': '1.861'} 
2023-05-02 08:52 ERROR 差異單 {'BTCDOMUSDT': 0.1, 'COMPUSDT': 0.32, 'BTCUSDT': 0.028} 
2023-05-02 08:52 ERROR 時間差 84.18803310394287 
2023-05-02 08:54 ERROR 開始進入回測 
2023-05-02 08:54 ERROR 目前交易狀態,校正之後 {'SOLUSDT-15K-OB': [0.0, 0.0], 'ZECUSDT-15K-OB-VCP': [0.0, 0.0], 'ETHUSDT-15K-OB-VCP': [0.0, 0.0], 'MKRUSDT-15K-OB-VCP': [0.0, 0.0], 'BTCDOMUSDT-15K-OB': [1.0, 1.711613953169996], 'COMPUSDT-15K-OB': [0.0, 0.0], 'COMPUSDT-15K-OB-VCP': [1.0, 93.28471884265184], 'ZECUSDT-15K-OB': [0.0, 0.0], 'BTCUSDT-15K-OB-VCP': [1.0, 1.8904519370669626], 'ETHUSDT-15K-OB': [0.0, 0.0], 'BNBUSDT-15K-OB-VCP': [0.0, 0.0], 'SOLUSDT-15K-OB-VCP': [0.0, 0.0], 'MKRUSDT-15K-OB': [0.0, 0.0], 'BTCUSDT-15K-OB': [0.0, 0.0], 'AAVEUSDT-15K-OB': [0.0, 0.0], 'BNBUSDT-15K-OB': [0.0, 0.0], 'BTCDOMUSDT-15K-OB-VCP': [1.0, 3.2635707912344283], 'AAVEUSDT-15K-OB-VCP': [0.0, 0.0]} 
2023-05-02 08:54 ERROR 目前binance交易所內的部位狀態: {'COMPUSDT': '92.960', 'BTCDOMUSDT': '4.880', 'BTCUSDT': '1.861'} 
2023-05-02 08:54 ERROR 差異單 {'BTCDOMUSDT': 0.1, 'COMPUSDT': 0.32, 'BTCUSDT': 0.028} 
2023-05-02 08:54 ERROR 時間差 70.41673803329468 
2023-05-02 08:56 ERROR 開始進入回測 
2023-05-02 08:56 ERROR 目前交易狀態,校正之後 {'SOLUSDT-15K-OB': [0.0, 0.0], 'ZECUSDT-15K-OB-VCP': [0.0, 0.0], 'ETHUSDT-15K-OB-VCP': [0.0, 0.0], 'MKRUSDT-15K-OB-VCP': [0.0, 0.0], 'BTCDOMUSDT-15K-OB': [1.0, 1.711613953169996], 'COMPUSDT-15K-OB': [0.0, 0.0], 'COMPUSDT-15K-OB-VCP': [1.0, 93.28471884265184], 'ZECUSDT-15K-OB': [0.0, 0.0], 'BTCUSDT-15K-OB-VCP': [1.0, 1.8904519370669626], 'ETHUSDT-15K-OB': [0.0, 0.0], 'BNBUSDT-15K-OB-VCP': [0.0, 0.0], 'SOLUSDT-15K-OB-VCP': [0.0, 0.0], 'MKRUSDT-15K-OB': [0.0, 0.0], 'BTCUSDT-15K-OB': [0.0, 0.0], 'AAVEUSDT-15K-OB': [0.0, 0.0], 'BNBUSDT-15K-OB': [0.0, 0.0], 'BTCDOMUSDT-15K-OB-VCP': [1.0, 3.2635707912344283], 'AAVEUSDT-15K-OB-VCP': [0.0, 0.0]} 
2023-05-02 08:56 ERROR 目前binance交易所內的部位狀態: {'COMPUSDT': '92.960', 'BTCDOMUSDT': '4.880', 'BTCUSDT': '1.861'} 
2023-05-02 08:56 ERROR 差異單 {'BTCDOMUSDT': 0.1, 'COMPUSDT': 0.32, 'BTCUSDT': 0.028} 
2023-05-02 08:56 ERROR 時間差 70.29403185844421 
2023-05-02 08:57 ERROR 開始進入回測 
2023-05-02 08:58 ERROR 目前交易狀態,校正之後 {'SOLUSDT-15K-OB': [0.0, 0.0], 'ZECUSDT-15K-OB-VCP': [0.0, 0.0], 'ETHUSDT-15K-OB-VCP': [0.0, 0.0], 'MKRUSDT-15K-OB-VCP': [0.0, 0.0], 'BTCDOMUSDT-15K-OB': [1.0, 1.711613953169996], 'COMPUSDT-15K-OB': [0.0, 0.0], 'COMPUSDT-15K-OB-VCP': [1.0, 93.28471884265184], 'ZECUSDT-15K-OB': [0.0, 0.0], 'BTCUSDT-15K-OB-VCP': [1.0, 1.8904519370669626], 'ETHUSDT-15K-OB': [0.0, 0.0], 'BNBUSDT-15K-OB-VCP': [0.0, 0.0], 'SOLUSDT-15K-OB-VCP': [0.0, 0.0], 'MKRUSDT-15K-OB': [0.0, 0.0], 'BTCUSDT-15K-OB': [0.0, 0.0], 'AAVEUSDT-15K-OB': [0.0, 0.0], 'BNBUSDT-15K-OB': [0.0, 0.0], 'BTCDOMUSDT-15K-OB-VCP': [1.0, 3.2635707912344283], 'AAVEUSDT-15K-OB-VCP': [0.0, 0.0]} 
2023-05-02 08:58 ERROR 目前binance交易所內的部位狀態: {'COMPUSDT': '92.960', 'BTCDOMUSDT': '4.880', 'BTCUSDT': '1.861'} 
2023-05-02 08:58 ERROR 差異單 {'BTCDOMUSDT': 0.1, 'COMPUSDT': 0.32, 'BTCUSDT': 0.028} 
2023-05-02 08:58 ERROR 時間差 69.44950222969055 
2023-05-02 08:59 ERROR 開始進入回測 
2023-05-02 09:00 ERROR 目前交易狀態,校正之後 {'SOLUSDT-15K-OB': [0.0, 0.0], 'ZECUSDT-15K-OB-VCP': [0.0, 0.0], 'ETHUSDT-15K-OB-VCP': [0.0, 0.0], 'MKRUSDT-15K-OB-VCP': [0.0, 0.0], 'BTCDOMUSDT-15K-OB': [1.0, 1.711613953169996], 'COMPUSDT-15K-OB': [0.0, 0.0], 'COMPUSDT-15K-OB-VCP': [1.0, 93.28471884265184], 'ZECUSDT-15K-OB': [0.0, 0.0], 'BTCUSDT-15K-OB-VCP': [1.0, 1.8904519370669626], 'ETHUSDT-15K-OB': [0.0, 0.0], 'BNBUSDT-15K-OB-VCP': [0.0, 0.0], 'SOLUSDT-15K-OB-VCP': [0.0, 0.0], 'MKRUSDT-15K-OB': [0.0, 0.0], 'BTCUSDT-15K-OB': [0.0, 0.0], 'AAVEUSDT-15K-OB': [0.0, 0.0], 'BNBUSDT-15K-OB': [0.0, 0.0], 'BTCDOMUSDT-15K-OB-VCP': [1.0, 3.2635707912344283], 'AAVEUSDT-15K-OB-VCP': [0.0, 0.0]} 
2023-05-02 09:00 ERROR 目前binance交易所內的部位狀態: {'COMPUSDT': '92.960', 'BTCDOMUSDT': '4.880', 'BTCUSDT': '1.861'} 
2023-05-02 09:00 ERROR 差異單 {'BTCDOMUSDT': 0.1, 'COMPUSDT': 0.32, 'BTCUSDT': 0.028} 
2023-05-02 09:00 ERROR 時間差 66.02122068405151 
2023-05-02 09:02 ERROR 開始進入回測 
2023-05-02 09:02 ERROR 目前交易狀態,校正之後 {'SOLUSDT-15K-OB': [0.0, 0.0], 'ZECUSDT-15K-OB-VCP': [0.0, 0.0], 'ETHUSDT-15K-OB-VCP': [0.0, 0.0], 'MKRUSDT-15K-OB-VCP': [0.0, 0.0], 'BTCDOMUSDT-15K-OB': [1.0, 1.711613953169996], 'COMPUSDT-15K-OB': [0.0, 0.0], 'COMPUSDT-15K-OB-VCP': [1.0, 93.28471884265184], 'ZECUSDT-15K-OB': [0.0, 0.0], 'BTCUSDT-15K-OB-VCP': [1.0, 1.8904519370669626], 'ETHUSDT-15K-OB': [0.0, 0.0], 'BNBUSDT-15K-OB-VCP': [0.0, 0.0], 'SOLUSDT-15K-OB-VCP': [0.0, 0.0], 'MKRUSDT-15K-OB': [0.0, 0.0], 'BTCUSDT-15K-OB': [0.0, 0.0], 'AAVEUSDT-15K-OB': [0.0, 0.0], 'BNBUSDT-15K-OB': [0.0, 0.0], 'BTCDOMUSDT-15K-OB-VCP': [1.0, 3.2635707912344283], 'AAVEUSDT-15K-OB-VCP': [0.0, 0.0]} 
2023-05-02 09:02 ERROR 目前binance交易所內的部位狀態: {'COMPUSDT': '92.960', 'BTCDOMUSDT': '4.880', 'BTCUSDT': '1.861'} 
2023-05-02 09:02 ERROR 差異單 {'BTCDOMUSDT': 0.1, 'COMPUSDT': 0.32, 'BTCUSDT': 0.028} 
2023-05-02 09:02 ERROR 時間差 73.5006148815155 
2023-05-02 09:03 ERROR 開始進入回測 
2023-05-02 09:04 ERROR 目前交易狀態,校正之後 {'SOLUSDT-15K-OB': [0.0, 0.0], 'ZECUSDT-15K-OB-VCP': [0.0, 0.0], 'ETHUSDT-15K-OB-VCP': [0.0, 0.0], 'MKRUSDT-15K-OB-VCP': [0.0, 0.0], 'BTCDOMUSDT-15K-OB': [1.0, 1.711613953169996], 'COMPUSDT-15K-OB': [0.0, 0.0], 'COMPUSDT-15K-OB-VCP': [1.0, 93.28471884265184], 'ZECUSDT-15K-OB': [0.0, 0.0], 'BTCUSDT-15K-OB-VCP': [1.0, 1.8904519370669626], 'ETHUSDT-15K-OB': [0.0, 0.0], 'BNBUSDT-15K-OB-VCP': [0.0, 0.0], 'SOLUSDT-15K-OB-VCP': [0.0, 0.0], 'MKRUSDT-15K-OB': [0.0, 0.0], 'BTCUSDT-15K-OB': [0.0, 0.0], 'AAVEUSDT-15K-OB': [0.0, 0.0], 'BNBUSDT-15K-OB': [0.0, 0.0], 'BTCDOMUSDT-15K-OB-VCP': [1.0, 3.2635707912344283], 'AAVEUSDT-15K-OB-VCP': [0.0, 0.0]} 
2023-05-02 09:04 ERROR 目前binance交易所內的部位狀態: {'COMPUSDT': '92.960', 'BTCDOMUSDT': '4.880', 'BTCUSDT': '1.861'} 
2023-05-02 09:04 ERROR 差異單 {'BTCDOMUSDT': 0.1, 'COMPUSDT': 0.32, 'BTCUSDT': 0.028} 
2023-05-02 09:04 ERROR 時間差 68.90894269943237 
2023-05-02 09:06 ERROR 開始進入回測 
2023-05-02 09:06 ERROR 目前交易狀態,校正之後 {'SOLUSDT-15K-OB': [0.0, 0.0], 'ZECUSDT-15K-OB-VCP': [0.0, 0.0], 'ETHUSDT-15K-OB-VCP': [0.0, 0.0], 'MKRUSDT-15K-OB-VCP': [0.0, 0.0], 'BTCDOMUSDT-15K-OB': [1.0, 1.711613953169996], 'COMPUSDT-15K-OB': [0.0, 0.0], 'COMPUSDT-15K-OB-VCP': [1.0, 93.28471884265184], 'ZECUSDT-15K-OB': [0.0, 0.0], 'BTCUSDT-15K-OB-VCP': [1.0, 1.8904519370669626], 'ETHUSDT-15K-OB': [0.0, 0.0], 'BNBUSDT-15K-OB-VCP': [0.0, 0.0], 'SOLUSDT-15K-OB-VCP': [0.0, 0.0], 'MKRUSDT-15K-OB': [0.0, 0.0], 'BTCUSDT-15K-OB': [0.0, 0.0], 'AAVEUSDT-15K-OB': [0.0, 0.0], 'BNBUSDT-15K-OB': [0.0, 0.0], 'BTCDOMUSDT-15K-OB-VCP': [1.0, 3.2635707912344283], 'AAVEUSDT-15K-OB-VCP': [0.0, 0.0]} 
2023-05-02 09:06 ERROR 目前binance交易所內的部位狀態: {'COMPUSDT': '92.960', 'BTCDOMUSDT': '4.880', 'BTCUSDT': '1.861'} 
2023-05-02 09:06 ERROR 差異單 {'BTCDOMUSDT': 0.1, 'COMPUSDT': 0.32, 'BTCUSDT': 0.028} 
2023-05-02 09:06 ERROR 時間差 71.56134676933289 
2023-05-02 09:08 ERROR 開始進入回測 
2023-05-02 09:08 ERROR 目前交易狀態,校正之後 {'SOLUSDT-15K-OB': [0.0, 0.0], 'ZECUSDT-15K-OB-VCP': [0.0, 0.0], 'ETHUSDT-15K-OB-VCP': [0.0, 0.0], 'MKRUSDT-15K-OB-VCP': [0.0, 0.0], 'BTCDOMUSDT-15K-OB': [1.0, 1.711613953169996], 'COMPUSDT-15K-OB': [0.0, 0.0], 'COMPUSDT-15K-OB-VCP': [1.0, 93.28471884265184], 'ZECUSDT-15K-OB': [0.0, 0.0], 'BTCUSDT-15K-OB-VCP': [1.0, 1.8904519370669626], 'ETHUSDT-15K-OB': [0.0, 0.0], 'BNBUSDT-15K-OB-VCP': [0.0, 0.0], 'SOLUSDT-15K-OB-VCP': [0.0, 0.0], 'MKRUSDT-15K-OB': [0.0, 0.0], 'BTCUSDT-15K-OB': [0.0, 0.0], 'AAVEUSDT-15K-OB': [0.0, 0.0], 'BNBUSDT-15K-OB': [0.0, 0.0], 'BTCDOMUSDT-15K-OB-VCP': [1.0, 3.2635707912344283], 'AAVEUSDT-15K-OB-VCP': [0.0, 0.0]} 
2023-05-02 09:08 ERROR 目前binance交易所內的部位狀態: {'COMPUSDT': '92.960', 'BTCDOMUSDT': '4.880', 'BTCUSDT': '1.861'} 
2023-05-02 09:08 ERROR 差異單 {'BTCDOMUSDT': 0.1, 'COMPUSDT': 0.32, 'BTCUSDT': 0.028} 
2023-05-02 09:08 ERROR 時間差 76.80766415596008 
2023-05-02 09:10 ERROR 開始進入回測 
2023-05-02 09:10 ERROR 目前交易狀態,校正之後 {'SOLUSDT-15K-OB': [0.0, 0.0], 'ZECUSDT-15K-OB-VCP': [0.0, 0.0], 'ETHUSDT-15K-OB-VCP': [0.0, 0.0], 'MKRUSDT-15K-OB-VCP': [0.0, 0.0], 'BTCDOMUSDT-15K-OB': [1.0, 1.711613953169996], 'COMPUSDT-15K-OB': [0.0, 0.0], 'COMPUSDT-15K-OB-VCP': [1.0, 93.28471884265184], 'ZECUSDT-15K-OB': [0.0, 0.0], 'BTCUSDT-15K-OB-VCP': [1.0, 1.8904519370669626], 'ETHUSDT-15K-OB': [0.0, 0.0], 'BNBUSDT-15K-OB-VCP': [0.0, 0.0], 'SOLUSDT-15K-OB-VCP': [0.0, 0.0], 'MKRUSDT-15K-OB': [0.0, 0.0], 'BTCUSDT-15K-OB': [0.0, 0.0], 'AAVEUSDT-15K-OB': [0.0, 0.0], 'BNBUSDT-15K-OB': [0.0, 0.0], 'BTCDOMUSDT-15K-OB-VCP': [1.0, 3.2635707912344283], 'AAVEUSDT-15K-OB-VCP': [0.0, 0.0]} 
2023-05-02 09:10 ERROR 目前binance交易所內的部位狀態: {'COMPUSDT': '92.960', 'BTCDOMUSDT': '4.880', 'BTCUSDT': '1.861'} 
2023-05-02 09:10 ERROR 差異單 {'BTCDOMUSDT': 0.1, 'COMPUSDT': 0.32, 'BTCUSDT': 0.028} 
2023-05-02 09:10 ERROR 時間差 71.42197918891907 
2023-05-02 17:09 ERROR 資料讀取結束 
2023-05-02 17:10 ERROR 開始進入回測 
2023-05-02 17:10 ERROR 目前交易狀態,校正之後 {'ETHUSDT-15K-OB': [0.0, 0.0], 'BTCDOMUSDT-15K-OB-VCP': [1.0, 3.263320705971884], 'ETHUSDT-15K-OB-VCP': [0.0, 0.0], 'AAVEUSDT-15K-OB-VCP': [0.0, 0.0], 'BNBUSDT-15K-OB-VCP': [0.0, 0.0], 'ZECUSDT-15K-OB': [0.0, 0.0], 'AAVEUSDT-15K-OB': [0.0, 0.0], 'ZECUSDT-15K-OB-VCP': [0.0, 0.0], 'COMPUSDT-15K-OB-VCP': [1.0, 93.27757049659309], 'BTCDOMUSDT-15K-OB': [1.0, 1.7114827933293693], 'BTCUSDT-15K-OB-VCP': [1.0, 1.890307072990388], 'MKRUSDT-15K-OB-VCP': [0.0, 0.0], 'BTCUSDT-15K-OB': [0.0, 0.0], 'SOLUSDT-15K-OB': [0.0, 0.0], 'MKRUSDT-15K-OB': [0.0, 0.0], 'SOLUSDT-15K-OB-VCP': [0.0, 0.0], 'COMPUSDT-15K-OB': [0.0, 0.0], 'BNBUSDT-15K-OB': [0.0, 0.0]} 
2023-05-02 17:10 ERROR 目前binance交易所內的部位狀態: {'COMPUSDT': '97.220', 'BTCDOMUSDT': '5.110', 'BTCUSDT': '1.939'} 
2023-05-02 17:10 ERROR 差異單 {'BTCDOMUSDT': -0.14, 'COMPUSDT': -3.939, 'BTCUSDT': -0.049} 
2023-05-02 17:10 ERROR 時間差 87.01284313201904 
2023-05-02 17:12 ERROR 開始進入回測 
2023-05-02 17:12 ERROR 目前交易狀態,校正之後 {'ETHUSDT-15K-OB': [0.0, 0.0], 'BTCDOMUSDT-15K-OB-VCP': [1.0, 3.263320705971884], 'ETHUSDT-15K-OB-VCP': [0.0, 0.0], 'AAVEUSDT-15K-OB-VCP': [0.0, 0.0], 'BNBUSDT-15K-OB-VCP': [0.0, 0.0], 'ZECUSDT-15K-OB': [0.0, 0.0], 'AAVEUSDT-15K-OB': [0.0, 0.0], 'ZECUSDT-15K-OB-VCP': [0.0, 0.0], 'COMPUSDT-15K-OB-VCP': [1.0, 93.27757049659309], 'BTCDOMUSDT-15K-OB': [1.0, 1.7114827933293693], 'BTCUSDT-15K-OB-VCP': [1.0, 1.890307072990388], 'MKRUSDT-15K-OB-VCP': [0.0, 0.0], 'BTCUSDT-15K-OB': [0.0, 0.0], 'SOLUSDT-15K-OB': [0.0, 0.0], 'MKRUSDT-15K-OB': [0.0, 0.0], 'SOLUSDT-15K-OB-VCP': [0.0, 0.0], 'COMPUSDT-15K-OB': [0.0, 0.0], 'BNBUSDT-15K-OB': [0.0, 0.0]} 
2023-05-02 17:12 ERROR 目前binance交易所內的部位狀態: {'COMPUSDT': '97.220', 'BTCDOMUSDT': '5.110', 'BTCUSDT': '1.939'} 
2023-05-02 17:12 ERROR 差異單 {'BTCDOMUSDT': -0.14, 'COMPUSDT': -3.939, 'BTCUSDT': -0.049} 
2023-05-02 17:12 ERROR 時間差 74.98076176643372 
