2023-10-23 00:16 ERROR Traceback (most recent call last):
  File "C:\Users\user\Desktop\程式專區\TradingSysteam\Crypto_trading\Trading_Systeam.py", line 481, in main
    self.dataprovider_online.Binanceapp.execute_orders(
  File "C:\Users\user\Desktop\程式專區\TradingSysteam\Crypto_trading\Data\custom.py", line 39, in warpper
    result = func(self, client, *args, **kwargs)
  File "C:\Users\user\Desktop\程式專區\TradingSysteam\Crypto_trading\Data\custom.py", line 575, in execute_orders
    result = client.futures_create_order(**args)
  File "C:\Users\user\Desktop\程式專區\TradingSysteam\lib\site-packages\binance\client.py", line 6504, in futures_create_order
    return self._request_futures_api('post', 'order', True, data=params)
  File "C:\Users\user\Desktop\程式專區\TradingSysteam\lib\site-packages\binance\client.py", line 383, in _request_futures_api
    return self._request(method, uri, signed, True, **kwargs)
  File "C:\Users\user\Desktop\程式專區\TradingSysteam\lib\site-packages\binance\client.py", line 359, in _request
    return self._handle_response(self.response)
  File "C:\Users\user\Desktop\程式專區\TradingSysteam\lib\site-packages\binance\client.py", line 368, in _handle_response
    raise BinanceAPIException(response, response.status_code, response.text)
binance.exceptions.BinanceAPIException: APIError(code=-2027): Exceeded the maximum allowable position at current leverage.

2023-10-23 00:28 ERROR Traceback (most recent call last):
  File "C:\Users\user\Desktop\程式專區\TradingSysteam\Crypto_trading\Trading_Systeam.py", line 481, in main
    self.dataprovider_online.Binanceapp.execute_orders(
  File "C:\Users\user\Desktop\程式專區\TradingSysteam\Crypto_trading\Data\custom.py", line 39, in warpper
    result = func(self, client, *args, **kwargs)
  File "C:\Users\user\Desktop\程式專區\TradingSysteam\Crypto_trading\Data\custom.py", line 575, in execute_orders
    result = client.futures_create_order(**args)
  File "C:\Users\user\Desktop\程式專區\TradingSysteam\lib\site-packages\binance\client.py", line 6504, in futures_create_order
    return self._request_futures_api('post', 'order', True, data=params)
  File "C:\Users\user\Desktop\程式專區\TradingSysteam\lib\site-packages\binance\client.py", line 383, in _request_futures_api
    return self._request(method, uri, signed, True, **kwargs)
  File "C:\Users\user\Desktop\程式專區\TradingSysteam\lib\site-packages\binance\client.py", line 359, in _request
    return self._handle_response(self.response)
  File "C:\Users\user\Desktop\程式專區\TradingSysteam\lib\site-packages\binance\client.py", line 368, in _handle_response
    raise BinanceAPIException(response, response.status_code, response.text)
binance.exceptions.BinanceAPIException: APIError(code=-2027): Exceeded the maximum allowable position at current leverage.

2023-10-23 00:44 ERROR Traceback (most recent call last):
  File "C:\Users\user\Desktop\程式專區\TradingSysteam\Crypto_trading\Trading_Systeam.py", line 483, in main
    self.dataprovider_online.Binanceapp.execute_orders(
  File "C:\Users\user\Desktop\程式專區\TradingSysteam\Crypto_trading\Data\custom.py", line 39, in warpper
    result = func(self, client, *args, **kwargs)
  File "C:\Users\user\Desktop\程式專區\TradingSysteam\Crypto_trading\Data\custom.py", line 576, in execute_orders
    result = client.futures_create_order(**args)
  File "C:\Users\user\Desktop\程式專區\TradingSysteam\lib\site-packages\binance\client.py", line 6504, in futures_create_order
    return self._request_futures_api('post', 'order', True, data=params)
  File "C:\Users\user\Desktop\程式專區\TradingSysteam\lib\site-packages\binance\client.py", line 383, in _request_futures_api
    return self._request(method, uri, signed, True, **kwargs)
  File "C:\Users\user\Desktop\程式專區\TradingSysteam\lib\site-packages\binance\client.py", line 359, in _request
    return self._handle_response(self.response)
  File "C:\Users\user\Desktop\程式專區\TradingSysteam\lib\site-packages\binance\client.py", line 368, in _handle_response
    raise BinanceAPIException(response, response.status_code, response.text)
binance.exceptions.BinanceAPIException: APIError(code=-2027): Exceeded the maximum allowable position at current leverage.

